2010.07.13 19:55 B D:\PDF4\pdf\font\courier.php --> empresasnainternet.com.br /public_html/desenvolvimento/PDF4/pdf/font courier.php
2010.07.13 19:55 B D:\PDF4\pdf\font\helvetica.php --> empresasnainternet.com.br /public_html/desenvolvimento/PDF4/pdf/font helvetica.php
2010.07.13 19:55 B D:\PDF4\pdf\font\helveticab.php --> empresasnainternet.com.br /public_html/desenvolvimento/PDF4/pdf/font helveticab.php
2010.07.13 19:55 B D:\PDF4\pdf\font\helveticabi.php --> empresasnainternet.com.br /public_html/desenvolvimento/PDF4/pdf/font helveticabi.php
2010.07.13 19:55 B D:\PDF4\pdf\font\helveticai.php --> empresasnainternet.com.br /public_html/desenvolvimento/PDF4/pdf/font helveticai.php
2010.07.13 19:55 B D:\PDF4\pdf\font\symbol.php --> empresasnainternet.com.br /public_html/desenvolvimento/PDF4/pdf/font symbol.php
2010.07.13 19:55 B D:\PDF4\pdf\font\times.php --> empresasnainternet.com.br /public_html/desenvolvimento/PDF4/pdf/font times.php
2010.07.13 19:55 B D:\PDF4\pdf\font\timesb.php --> empresasnainternet.com.br /public_html/desenvolvimento/PDF4/pdf/font timesb.php
2010.07.13 19:55 B D:\PDF4\pdf\font\timesbi.php --> empresasnainternet.com.br /public_html/desenvolvimento/PDF4/pdf/font timesbi.php
2010.07.13 19:55 B D:\PDF4\pdf\font\timesi.php --> empresasnainternet.com.br /public_html/desenvolvimento/PDF4/pdf/font timesi.php
2010.07.13 19:55 B D:\PDF4\pdf\font\zapfdingbats.php --> empresasnainternet.com.br /public_html/desenvolvimento/PDF4/pdf/font zapfdingbats.php
2010.07.14 17:15 B D:\SISTEMAS\PDF TODOS\PDF7\font\courier.php --> ftp.webmasterphp.org /public_html/PDF/outro/font courier.php
2010.07.14 17:15 B D:\SISTEMAS\PDF TODOS\PDF7\font\helvetica.php --> ftp.webmasterphp.org /public_html/PDF/outro/font helvetica.php
2010.07.14 17:15 B D:\SISTEMAS\PDF TODOS\PDF7\font\helveticab.php --> ftp.webmasterphp.org /public_html/PDF/outro/font helveticab.php
2010.07.14 17:15 B D:\SISTEMAS\PDF TODOS\PDF7\font\helveticabi.php --> ftp.webmasterphp.org /public_html/PDF/outro/font helveticabi.php
2010.07.14 17:15 B D:\SISTEMAS\PDF TODOS\PDF7\font\helveticai.php --> ftp.webmasterphp.org /public_html/PDF/outro/font helveticai.php
2010.07.14 17:15 B D:\SISTEMAS\PDF TODOS\PDF7\font\symbol.php --> ftp.webmasterphp.org /public_html/PDF/outro/font symbol.php
2010.07.14 17:15 B D:\SISTEMAS\PDF TODOS\PDF7\font\times.php --> ftp.webmasterphp.org /public_html/PDF/outro/font times.php
2010.07.14 17:15 B D:\SISTEMAS\PDF TODOS\PDF7\font\timesb.php --> ftp.webmasterphp.org /public_html/PDF/outro/font timesb.php
2010.07.14 17:15 B D:\SISTEMAS\PDF TODOS\PDF7\font\timesbi.php --> ftp.webmasterphp.org /public_html/PDF/outro/font timesbi.php
2010.07.14 17:15 B D:\SISTEMAS\PDF TODOS\PDF7\font\timesi.php --> ftp.webmasterphp.org /public_html/PDF/outro/font timesi.php
2010.07.14 23:14 B D:\PDF\outro\font\WS_FTP.LOG <-- RUI /public_html/PDF/outro/font WS_FTP.LOG
2010.07.14 23:14 B D:\PDF\outro\font\zapfdingbats.php <-- RUI /public_html/PDF/outro/font zapfdingbats.php
