2008.06.12 13:53 B C:\Quemuel\PainelHost\sites\desenvolvidos\painelhost.com\home\www\fpdf\font\makefont\cp1250.map <-- cafedelmarco.com.br /www/fpdf/font/makefont cp1250.map
2008.06.12 13:53 B C:\Quemuel\PainelHost\sites\desenvolvidos\painelhost.com\home\www\fpdf\font\makefont\cp1251.map <-- cafedelmarco.com.br /www/fpdf/font/makefont cp1251.map
2008.06.12 13:54 B C:\Quemuel\PainelHost\sites\desenvolvidos\painelhost.com\home\www\fpdf\font\makefont\cp1252.map <-- cafedelmarco.com.br /www/fpdf/font/makefont cp1252.map
2008.06.12 13:54 B C:\Quemuel\PainelHost\sites\desenvolvidos\painelhost.com\home\www\fpdf\font\makefont\cp1253.map <-- cafedelmarco.com.br /www/fpdf/font/makefont cp1253.map
2008.06.12 13:54 B C:\Quemuel\PainelHost\sites\desenvolvidos\painelhost.com\home\www\fpdf\font\makefont\cp1254.map <-- cafedelmarco.com.br /www/fpdf/font/makefont cp1254.map
2008.06.12 13:54 B C:\Quemuel\PainelHost\sites\desenvolvidos\painelhost.com\home\www\fpdf\font\makefont\cp1255.map <-- cafedelmarco.com.br /www/fpdf/font/makefont cp1255.map
2008.06.12 13:54 B C:\Quemuel\PainelHost\sites\desenvolvidos\painelhost.com\home\www\fpdf\font\makefont\cp1257.map <-- cafedelmarco.com.br /www/fpdf/font/makefont cp1257.map
2008.06.12 13:54 B C:\Quemuel\PainelHost\sites\desenvolvidos\painelhost.com\home\www\fpdf\font\makefont\cp1258.map <-- cafedelmarco.com.br /www/fpdf/font/makefont cp1258.map
2008.06.12 13:54 B C:\Quemuel\PainelHost\sites\desenvolvidos\painelhost.com\home\www\fpdf\font\makefont\cp874.map <-- cafedelmarco.com.br /www/fpdf/font/makefont cp874.map
2008.06.12 13:54 B C:\Quemuel\PainelHost\sites\desenvolvidos\painelhost.com\home\www\fpdf\font\makefont\iso-8859-1.map <-- cafedelmarco.com.br /www/fpdf/font/makefont iso-8859-1.map
2008.06.12 13:54 B C:\Quemuel\PainelHost\sites\desenvolvidos\painelhost.com\home\www\fpdf\font\makefont\iso-8859-11.map <-- cafedelmarco.com.br /www/fpdf/font/makefont iso-8859-11.map
2008.06.12 13:54 B C:\Quemuel\PainelHost\sites\desenvolvidos\painelhost.com\home\www\fpdf\font\makefont\iso-8859-15.map <-- cafedelmarco.com.br /www/fpdf/font/makefont iso-8859-15.map
2008.06.12 13:54 B C:\Quemuel\PainelHost\sites\desenvolvidos\painelhost.com\home\www\fpdf\font\makefont\iso-8859-16.map <-- cafedelmarco.com.br /www/fpdf/font/makefont iso-8859-16.map
2008.06.12 13:54 B C:\Quemuel\PainelHost\sites\desenvolvidos\painelhost.com\home\www\fpdf\font\makefont\iso-8859-2.map <-- cafedelmarco.com.br /www/fpdf/font/makefont iso-8859-2.map
2008.06.12 13:54 B C:\Quemuel\PainelHost\sites\desenvolvidos\painelhost.com\home\www\fpdf\font\makefont\iso-8859-4.map <-- cafedelmarco.com.br /www/fpdf/font/makefont iso-8859-4.map
2008.06.12 13:54 B C:\Quemuel\PainelHost\sites\desenvolvidos\painelhost.com\home\www\fpdf\font\makefont\iso-8859-5.map <-- cafedelmarco.com.br /www/fpdf/font/makefont iso-8859-5.map
2008.06.12 13:54 B C:\Quemuel\PainelHost\sites\desenvolvidos\painelhost.com\home\www\fpdf\font\makefont\iso-8859-7.map <-- cafedelmarco.com.br /www/fpdf/font/makefont iso-8859-7.map
2008.06.12 13:54 B C:\Quemuel\PainelHost\sites\desenvolvidos\painelhost.com\home\www\fpdf\font\makefont\iso-8859-9.map <-- cafedelmarco.com.br /www/fpdf/font/makefont iso-8859-9.map
2008.06.12 13:54 B C:\Quemuel\PainelHost\sites\desenvolvidos\painelhost.com\home\www\fpdf\font\makefont\koi8-r.map <-- cafedelmarco.com.br /www/fpdf/font/makefont koi8-r.map
2008.06.12 13:54 B C:\Quemuel\PainelHost\sites\desenvolvidos\painelhost.com\home\www\fpdf\font\makefont\koi8-u.map <-- cafedelmarco.com.br /www/fpdf/font/makefont koi8-u.map
2008.06.12 13:54 B C:\Quemuel\PainelHost\sites\desenvolvidos\painelhost.com\home\www\fpdf\font\makefont\makefont.php <-- cafedelmarco.com.br /www/fpdf/font/makefont makefont.php
2008.06.19 12:47 B C:\Quemuel\PainelHost\sites\desenvolvidos\cafedelmarco.com.br\home\www\fpdf\font\makefont\cp1250.map --> painelhost.com /public_html/fpdf/font/makefont cp1250.map
2008.06.19 12:47 B C:\Quemuel\PainelHost\sites\desenvolvidos\cafedelmarco.com.br\home\www\fpdf\font\makefont\cp1251.map --> painelhost.com /public_html/fpdf/font/makefont cp1251.map
2008.06.19 12:47 B C:\Quemuel\PainelHost\sites\desenvolvidos\cafedelmarco.com.br\home\www\fpdf\font\makefont\cp1252.map --> painelhost.com /public_html/fpdf/font/makefont cp1252.map
2008.06.19 12:47 B C:\Quemuel\PainelHost\sites\desenvolvidos\cafedelmarco.com.br\home\www\fpdf\font\makefont\cp1253.map --> painelhost.com /public_html/fpdf/font/makefont cp1253.map
2008.06.19 12:47 B C:\Quemuel\PainelHost\sites\desenvolvidos\cafedelmarco.com.br\home\www\fpdf\font\makefont\cp1254.map --> painelhost.com /public_html/fpdf/font/makefont cp1254.map
2008.06.19 12:47 B C:\Quemuel\PainelHost\sites\desenvolvidos\cafedelmarco.com.br\home\www\fpdf\font\makefont\cp1255.map --> painelhost.com /public_html/fpdf/font/makefont cp1255.map
2008.06.19 12:47 B C:\Quemuel\PainelHost\sites\desenvolvidos\cafedelmarco.com.br\home\www\fpdf\font\makefont\cp1257.map --> painelhost.com /public_html/fpdf/font/makefont cp1257.map
2008.06.19 12:47 B C:\Quemuel\PainelHost\sites\desenvolvidos\cafedelmarco.com.br\home\www\fpdf\font\makefont\cp1258.map --> painelhost.com /public_html/fpdf/font/makefont cp1258.map
2008.06.19 12:47 B C:\Quemuel\PainelHost\sites\desenvolvidos\cafedelmarco.com.br\home\www\fpdf\font\makefont\cp874.map --> painelhost.com /public_html/fpdf/font/makefont cp874.map
2008.06.19 12:47 B C:\Quemuel\PainelHost\sites\desenvolvidos\cafedelmarco.com.br\home\www\fpdf\font\makefont\iso-8859-1.map --> painelhost.com /public_html/fpdf/font/makefont iso-8859-1.map
2008.06.19 12:47 B C:\Quemuel\PainelHost\sites\desenvolvidos\cafedelmarco.com.br\home\www\fpdf\font\makefont\iso-8859-11.map --> painelhost.com /public_html/fpdf/font/makefont iso-8859-11.map
2008.06.19 12:47 B C:\Quemuel\PainelHost\sites\desenvolvidos\cafedelmarco.com.br\home\www\fpdf\font\makefont\iso-8859-15.map --> painelhost.com /public_html/fpdf/font/makefont iso-8859-15.map
2008.06.19 12:47 B C:\Quemuel\PainelHost\sites\desenvolvidos\cafedelmarco.com.br\home\www\fpdf\font\makefont\iso-8859-16.map --> painelhost.com /public_html/fpdf/font/makefont iso-8859-16.map
2008.06.19 12:47 B C:\Quemuel\PainelHost\sites\desenvolvidos\cafedelmarco.com.br\home\www\fpdf\font\makefont\iso-8859-2.map --> painelhost.com /public_html/fpdf/font/makefont iso-8859-2.map
2008.06.19 12:47 B C:\Quemuel\PainelHost\sites\desenvolvidos\cafedelmarco.com.br\home\www\fpdf\font\makefont\iso-8859-4.map --> painelhost.com /public_html/fpdf/font/makefont iso-8859-4.map
2008.06.19 12:47 B C:\Quemuel\PainelHost\sites\desenvolvidos\cafedelmarco.com.br\home\www\fpdf\font\makefont\iso-8859-5.map --> painelhost.com /public_html/fpdf/font/makefont iso-8859-5.map
2008.06.19 12:47 B C:\Quemuel\PainelHost\sites\desenvolvidos\cafedelmarco.com.br\home\www\fpdf\font\makefont\iso-8859-7.map --> painelhost.com /public_html/fpdf/font/makefont iso-8859-7.map
2008.06.19 12:47 B C:\Quemuel\PainelHost\sites\desenvolvidos\cafedelmarco.com.br\home\www\fpdf\font\makefont\iso-8859-9.map --> painelhost.com /public_html/fpdf/font/makefont iso-8859-9.map
2008.06.19 12:47 B C:\Quemuel\PainelHost\sites\desenvolvidos\cafedelmarco.com.br\home\www\fpdf\font\makefont\koi8-r.map --> painelhost.com /public_html/fpdf/font/makefont koi8-r.map
2008.06.19 12:47 B C:\Quemuel\PainelHost\sites\desenvolvidos\cafedelmarco.com.br\home\www\fpdf\font\makefont\koi8-u.map --> painelhost.com /public_html/fpdf/font/makefont koi8-u.map
2008.06.19 12:47 B C:\Quemuel\PainelHost\sites\desenvolvidos\cafedelmarco.com.br\home\www\fpdf\font\makefont\makefont.php --> painelhost.com /public_html/fpdf/font/makefont makefont.php
2009.08.28 03:36 B D:\cafedelmarco_backup\cafedelmarco_backup\fpdf\font\makefont\cp1250.map --> 74.55.36.66 /public_html/fpdf/font/makefont cp1250.map
2009.08.28 03:36 B D:\cafedelmarco_backup\cafedelmarco_backup\fpdf\font\makefont\cp1251.map --> 74.55.36.66 /public_html/fpdf/font/makefont cp1251.map
2009.08.28 03:36 B D:\cafedelmarco_backup\cafedelmarco_backup\fpdf\font\makefont\cp1252.map --> 74.55.36.66 /public_html/fpdf/font/makefont cp1252.map
2009.08.28 03:36 B D:\cafedelmarco_backup\cafedelmarco_backup\fpdf\font\makefont\cp1253.map --> 74.55.36.66 /public_html/fpdf/font/makefont cp1253.map
2009.08.28 03:36 B D:\cafedelmarco_backup\cafedelmarco_backup\fpdf\font\makefont\cp1254.map --> 74.55.36.66 /public_html/fpdf/font/makefont cp1254.map
2009.08.28 03:36 B D:\cafedelmarco_backup\cafedelmarco_backup\fpdf\font\makefont\cp1255.map --> 74.55.36.66 /public_html/fpdf/font/makefont cp1255.map
2009.08.28 03:36 B D:\cafedelmarco_backup\cafedelmarco_backup\fpdf\font\makefont\cp1257.map --> 74.55.36.66 /public_html/fpdf/font/makefont cp1257.map
2009.08.28 03:36 B D:\cafedelmarco_backup\cafedelmarco_backup\fpdf\font\makefont\cp1258.map --> 74.55.36.66 /public_html/fpdf/font/makefont cp1258.map
2009.08.28 03:36 B D:\cafedelmarco_backup\cafedelmarco_backup\fpdf\font\makefont\cp874.map --> 74.55.36.66 /public_html/fpdf/font/makefont cp874.map
2009.08.28 03:36 B D:\cafedelmarco_backup\cafedelmarco_backup\fpdf\font\makefont\iso-8859-1.map --> 74.55.36.66 /public_html/fpdf/font/makefont iso-8859-1.map
2009.08.28 03:36 B D:\cafedelmarco_backup\cafedelmarco_backup\fpdf\font\makefont\iso-8859-11.map --> 74.55.36.66 /public_html/fpdf/font/makefont iso-8859-11.map
2009.08.28 03:36 B D:\cafedelmarco_backup\cafedelmarco_backup\fpdf\font\makefont\iso-8859-15.map --> 74.55.36.66 /public_html/fpdf/font/makefont iso-8859-15.map
2009.08.28 03:36 B D:\cafedelmarco_backup\cafedelmarco_backup\fpdf\font\makefont\iso-8859-16.map --> 74.55.36.66 /public_html/fpdf/font/makefont iso-8859-16.map
2009.08.28 03:36 B D:\cafedelmarco_backup\cafedelmarco_backup\fpdf\font\makefont\iso-8859-2.map --> 74.55.36.66 /public_html/fpdf/font/makefont iso-8859-2.map
2009.08.28 03:36 B D:\cafedelmarco_backup\cafedelmarco_backup\fpdf\font\makefont\iso-8859-4.map --> 74.55.36.66 /public_html/fpdf/font/makefont iso-8859-4.map
2009.08.28 03:36 B D:\cafedelmarco_backup\cafedelmarco_backup\fpdf\font\makefont\iso-8859-5.map --> 74.55.36.66 /public_html/fpdf/font/makefont iso-8859-5.map
2009.08.28 03:36 B D:\cafedelmarco_backup\cafedelmarco_backup\fpdf\font\makefont\iso-8859-7.map --> 74.55.36.66 /public_html/fpdf/font/makefont iso-8859-7.map
2009.08.28 03:36 B D:\cafedelmarco_backup\cafedelmarco_backup\fpdf\font\makefont\iso-8859-9.map --> 74.55.36.66 /public_html/fpdf/font/makefont iso-8859-9.map
2009.08.28 03:36 B D:\cafedelmarco_backup\cafedelmarco_backup\fpdf\font\makefont\koi8-r.map --> 74.55.36.66 /public_html/fpdf/font/makefont koi8-r.map
2009.08.28 03:36 B D:\cafedelmarco_backup\cafedelmarco_backup\fpdf\font\makefont\koi8-u.map --> 74.55.36.66 /public_html/fpdf/font/makefont koi8-u.map
2009.08.28 03:36 B D:\cafedelmarco_backup\cafedelmarco_backup\fpdf\font\makefont\makefont.php --> 74.55.36.66 /public_html/fpdf/font/makefont makefont.php
2010.07.12 18:19 B D:\PDF3\pdf\font\makefont\cp1250.map --> empresasnainternet.com.br /public_html/desenvolvimento/PDF/pdf/font/makefont cp1250.map
2010.07.12 18:19 B D:\PDF3\pdf\font\makefont\cp1251.map --> empresasnainternet.com.br /public_html/desenvolvimento/PDF/pdf/font/makefont cp1251.map
2010.07.12 18:19 B D:\PDF3\pdf\font\makefont\cp1252.map --> empresasnainternet.com.br /public_html/desenvolvimento/PDF/pdf/font/makefont cp1252.map
2010.07.12 18:19 B D:\PDF3\pdf\font\makefont\cp1253.map --> empresasnainternet.com.br /public_html/desenvolvimento/PDF/pdf/font/makefont cp1253.map
2010.07.12 18:20 B D:\PDF3\pdf\font\makefont\cp1254.map --> empresasnainternet.com.br /public_html/desenvolvimento/PDF/pdf/font/makefont cp1254.map
2010.07.12 18:20 B D:\PDF3\pdf\font\makefont\cp1255.map --> empresasnainternet.com.br /public_html/desenvolvimento/PDF/pdf/font/makefont cp1255.map
2010.07.12 18:20 B D:\PDF3\pdf\font\makefont\cp1257.map --> empresasnainternet.com.br /public_html/desenvolvimento/PDF/pdf/font/makefont cp1257.map
2010.07.12 18:20 B D:\PDF3\pdf\font\makefont\cp1258.map --> empresasnainternet.com.br /public_html/desenvolvimento/PDF/pdf/font/makefont cp1258.map
2010.07.12 18:20 B D:\PDF3\pdf\font\makefont\cp874.map --> empresasnainternet.com.br /public_html/desenvolvimento/PDF/pdf/font/makefont cp874.map
2010.07.12 18:20 B D:\PDF3\pdf\font\makefont\iso-8859-1.map --> empresasnainternet.com.br /public_html/desenvolvimento/PDF/pdf/font/makefont iso-8859-1.map
2010.07.12 18:20 B D:\PDF3\pdf\font\makefont\iso-8859-11.map --> empresasnainternet.com.br /public_html/desenvolvimento/PDF/pdf/font/makefont iso-8859-11.map
2010.07.12 18:20 B D:\PDF3\pdf\font\makefont\iso-8859-15.map --> empresasnainternet.com.br /public_html/desenvolvimento/PDF/pdf/font/makefont iso-8859-15.map
2010.07.12 18:20 B D:\PDF3\pdf\font\makefont\iso-8859-16.map --> empresasnainternet.com.br /public_html/desenvolvimento/PDF/pdf/font/makefont iso-8859-16.map
2010.07.12 18:21 B D:\PDF3\pdf\font\makefont\iso-8859-2.map --> empresasnainternet.com.br /public_html/desenvolvimento/PDF/pdf/font/makefont iso-8859-2.map
2010.07.12 18:21 B D:\PDF3\pdf\font\makefont\iso-8859-4.map --> empresasnainternet.com.br /public_html/desenvolvimento/PDF/pdf/font/makefont iso-8859-4.map
2010.07.12 18:21 B D:\PDF3\pdf\font\makefont\iso-8859-5.map --> empresasnainternet.com.br /public_html/desenvolvimento/PDF/pdf/font/makefont iso-8859-5.map
2010.07.12 18:21 B D:\PDF3\pdf\font\makefont\iso-8859-7.map --> empresasnainternet.com.br /public_html/desenvolvimento/PDF/pdf/font/makefont iso-8859-7.map
2010.07.12 18:21 B D:\PDF3\pdf\font\makefont\iso-8859-9.map --> empresasnainternet.com.br /public_html/desenvolvimento/PDF/pdf/font/makefont iso-8859-9.map
2010.07.12 18:21 B D:\PDF3\pdf\font\makefont\koi8-r.map --> empresasnainternet.com.br /public_html/desenvolvimento/PDF/pdf/font/makefont koi8-r.map
2010.07.12 18:21 B D:\PDF3\pdf\font\makefont\koi8-u.map --> empresasnainternet.com.br /public_html/desenvolvimento/PDF/pdf/font/makefont koi8-u.map
2010.07.12 18:21 B D:\PDF3\pdf\font\makefont\makefont.php --> empresasnainternet.com.br /public_html/desenvolvimento/PDF/pdf/font/makefont makefont.php
2010.07.12 18:21 B D:\PDF3\pdf\font\makefont\WS_FTP.LOG --> empresasnainternet.com.br /public_html/desenvolvimento/PDF/pdf/font/makefont WS_FTP.LOG
2010.07.13 19:54 B D:\PDF4\pdf\font\makefont\cp1250.map --> empresasnainternet.com.br /public_html/desenvolvimento/PDF4/pdf/font/makefont cp1250.map
2010.07.13 19:54 B D:\PDF4\pdf\font\makefont\cp1251.map --> empresasnainternet.com.br /public_html/desenvolvimento/PDF4/pdf/font/makefont cp1251.map
2010.07.13 19:54 B D:\PDF4\pdf\font\makefont\cp1252.map --> empresasnainternet.com.br /public_html/desenvolvimento/PDF4/pdf/font/makefont cp1252.map
2010.07.13 19:54 B D:\PDF4\pdf\font\makefont\cp1253.map --> empresasnainternet.com.br /public_html/desenvolvimento/PDF4/pdf/font/makefont cp1253.map
2010.07.13 19:54 B D:\PDF4\pdf\font\makefont\cp1254.map --> empresasnainternet.com.br /public_html/desenvolvimento/PDF4/pdf/font/makefont cp1254.map
2010.07.13 19:54 B D:\PDF4\pdf\font\makefont\cp1255.map --> empresasnainternet.com.br /public_html/desenvolvimento/PDF4/pdf/font/makefont cp1255.map
2010.07.13 19:54 B D:\PDF4\pdf\font\makefont\cp1257.map --> empresasnainternet.com.br /public_html/desenvolvimento/PDF4/pdf/font/makefont cp1257.map
2010.07.13 19:54 B D:\PDF4\pdf\font\makefont\cp1258.map --> empresasnainternet.com.br /public_html/desenvolvimento/PDF4/pdf/font/makefont cp1258.map
2010.07.13 19:54 B D:\PDF4\pdf\font\makefont\cp874.map --> empresasnainternet.com.br /public_html/desenvolvimento/PDF4/pdf/font/makefont cp874.map
2010.07.13 19:54 B D:\PDF4\pdf\font\makefont\iso-8859-1.map --> empresasnainternet.com.br /public_html/desenvolvimento/PDF4/pdf/font/makefont iso-8859-1.map
2010.07.13 19:54 B D:\PDF4\pdf\font\makefont\iso-8859-11.map --> empresasnainternet.com.br /public_html/desenvolvimento/PDF4/pdf/font/makefont iso-8859-11.map
2010.07.13 19:54 B D:\PDF4\pdf\font\makefont\iso-8859-15.map --> empresasnainternet.com.br /public_html/desenvolvimento/PDF4/pdf/font/makefont iso-8859-15.map
2010.07.13 19:54 B D:\PDF4\pdf\font\makefont\iso-8859-16.map --> empresasnainternet.com.br /public_html/desenvolvimento/PDF4/pdf/font/makefont iso-8859-16.map
2010.07.13 19:54 B D:\PDF4\pdf\font\makefont\iso-8859-2.map --> empresasnainternet.com.br /public_html/desenvolvimento/PDF4/pdf/font/makefont iso-8859-2.map
2010.07.13 19:54 B D:\PDF4\pdf\font\makefont\iso-8859-4.map --> empresasnainternet.com.br /public_html/desenvolvimento/PDF4/pdf/font/makefont iso-8859-4.map
2010.07.13 19:54 B D:\PDF4\pdf\font\makefont\iso-8859-5.map --> empresasnainternet.com.br /public_html/desenvolvimento/PDF4/pdf/font/makefont iso-8859-5.map
2010.07.13 19:54 B D:\PDF4\pdf\font\makefont\iso-8859-7.map --> empresasnainternet.com.br /public_html/desenvolvimento/PDF4/pdf/font/makefont iso-8859-7.map
2010.07.13 19:55 B D:\PDF4\pdf\font\makefont\iso-8859-9.map --> empresasnainternet.com.br /public_html/desenvolvimento/PDF4/pdf/font/makefont iso-8859-9.map
2010.07.13 19:55 B D:\PDF4\pdf\font\makefont\koi8-r.map --> empresasnainternet.com.br /public_html/desenvolvimento/PDF4/pdf/font/makefont koi8-r.map
2010.07.13 19:55 B D:\PDF4\pdf\font\makefont\koi8-u.map --> empresasnainternet.com.br /public_html/desenvolvimento/PDF4/pdf/font/makefont koi8-u.map
2010.07.13 19:55 B D:\PDF4\pdf\font\makefont\makefont.php --> empresasnainternet.com.br /public_html/desenvolvimento/PDF4/pdf/font/makefont makefont.php
2010.07.13 19:55 B D:\PDF4\pdf\font\makefont\WS_FTP.LOG --> empresasnainternet.com.br /public_html/desenvolvimento/PDF4/pdf/font/makefont WS_FTP.LOG
2010.07.14 17:14 B D:\SISTEMAS\PDF TODOS\PDF7\font\makefont\cp1250.map --> ftp.webmasterphp.org /public_html/PDF/outro/font/makefont cp1250.map
2010.07.14 17:14 B D:\SISTEMAS\PDF TODOS\PDF7\font\makefont\cp1251.map --> ftp.webmasterphp.org /public_html/PDF/outro/font/makefont cp1251.map
2010.07.14 17:14 B D:\SISTEMAS\PDF TODOS\PDF7\font\makefont\cp1252.map --> ftp.webmasterphp.org /public_html/PDF/outro/font/makefont cp1252.map
2010.07.14 17:14 B D:\SISTEMAS\PDF TODOS\PDF7\font\makefont\cp1253.map --> ftp.webmasterphp.org /public_html/PDF/outro/font/makefont cp1253.map
2010.07.14 17:14 B D:\SISTEMAS\PDF TODOS\PDF7\font\makefont\cp1254.map --> ftp.webmasterphp.org /public_html/PDF/outro/font/makefont cp1254.map
2010.07.14 17:14 B D:\SISTEMAS\PDF TODOS\PDF7\font\makefont\cp1255.map --> ftp.webmasterphp.org /public_html/PDF/outro/font/makefont cp1255.map
2010.07.14 17:14 B D:\SISTEMAS\PDF TODOS\PDF7\font\makefont\cp1257.map --> ftp.webmasterphp.org /public_html/PDF/outro/font/makefont cp1257.map
2010.07.14 17:14 B D:\SISTEMAS\PDF TODOS\PDF7\font\makefont\cp1258.map --> ftp.webmasterphp.org /public_html/PDF/outro/font/makefont cp1258.map
2010.07.14 17:14 B D:\SISTEMAS\PDF TODOS\PDF7\font\makefont\cp874.map --> ftp.webmasterphp.org /public_html/PDF/outro/font/makefont cp874.map
2010.07.14 17:14 B D:\SISTEMAS\PDF TODOS\PDF7\font\makefont\iso-8859-1.map --> ftp.webmasterphp.org /public_html/PDF/outro/font/makefont iso-8859-1.map
2010.07.14 17:14 B D:\SISTEMAS\PDF TODOS\PDF7\font\makefont\iso-8859-11.map --> ftp.webmasterphp.org /public_html/PDF/outro/font/makefont iso-8859-11.map
2010.07.14 17:15 B D:\SISTEMAS\PDF TODOS\PDF7\font\makefont\iso-8859-15.map --> ftp.webmasterphp.org /public_html/PDF/outro/font/makefont iso-8859-15.map
2010.07.14 17:15 B D:\SISTEMAS\PDF TODOS\PDF7\font\makefont\iso-8859-16.map --> ftp.webmasterphp.org /public_html/PDF/outro/font/makefont iso-8859-16.map
2010.07.14 17:15 B D:\SISTEMAS\PDF TODOS\PDF7\font\makefont\iso-8859-2.map --> ftp.webmasterphp.org /public_html/PDF/outro/font/makefont iso-8859-2.map
2010.07.14 17:15 B D:\SISTEMAS\PDF TODOS\PDF7\font\makefont\iso-8859-4.map --> ftp.webmasterphp.org /public_html/PDF/outro/font/makefont iso-8859-4.map
2010.07.14 17:15 B D:\SISTEMAS\PDF TODOS\PDF7\font\makefont\iso-8859-5.map --> ftp.webmasterphp.org /public_html/PDF/outro/font/makefont iso-8859-5.map
2010.07.14 17:15 B D:\SISTEMAS\PDF TODOS\PDF7\font\makefont\iso-8859-7.map --> ftp.webmasterphp.org /public_html/PDF/outro/font/makefont iso-8859-7.map
2010.07.14 17:15 B D:\SISTEMAS\PDF TODOS\PDF7\font\makefont\iso-8859-9.map --> ftp.webmasterphp.org /public_html/PDF/outro/font/makefont iso-8859-9.map
2010.07.14 17:15 B D:\SISTEMAS\PDF TODOS\PDF7\font\makefont\koi8-r.map --> ftp.webmasterphp.org /public_html/PDF/outro/font/makefont koi8-r.map
2010.07.14 17:15 B D:\SISTEMAS\PDF TODOS\PDF7\font\makefont\koi8-u.map --> ftp.webmasterphp.org /public_html/PDF/outro/font/makefont koi8-u.map
2010.07.14 17:15 B D:\SISTEMAS\PDF TODOS\PDF7\font\makefont\makefont.php --> ftp.webmasterphp.org /public_html/PDF/outro/font/makefont makefont.php
2010.07.14 23:14 B D:\PDF\outro\font\makefont\WS_FTP.LOG <-- RUI /public_html/PDF/outro/font/makefont WS_FTP.LOG
